<?xml version="1.0" encoding="UTF-8"?>
<testng-results skipped="0" failed="0" ignored="0" total="1" passed="1">
  <reporter-output>
    <line>
      <![CDATA[setting up report and test is getting ready]]>
    </line>
    <line>
      <![CDATA[setting up report and test started]]>
    </line>
    <line>
      <![CDATA[ Trying to start Browser and applicationis getting ready]]>
    </line>
    <line>
      <![CDATA[Browser and app is launch]]>
    </line>
    <line>
      <![CDATA[Test is about to end]]>
    </line>
    <line>
      <![CDATA[Test completed]]>
    </line>
  </reporter-output>
  <suite name="Suite" duration-ms="21299" started-at="2020-04-19T13:20:20Z" finished-at="2020-04-19T13:20:42Z">
    <groups>
    </groups>
    <test name="Test" duration-ms="21299" started-at="2020-04-19T13:20:20Z" finished-at="2020-04-19T13:20:42Z">
      <class name="com.learautomation.testcases.LoginTestCRM">
        <test-method status="PASS" signature="setUpSuite()[pri:0, instance:com.learautomation.testcases.LoginTestCRM@91161c7]" name="setUpSuite" is-config="true" duration-ms="853" started-at="2020-04-19T13:20:20Z" finished-at="2020-04-19T13:20:20Z">
          <reporter-output>
            <line>
              <![CDATA[setting up report and test is getting ready]]>
            </line>
            <line>
              <![CDATA[setting up report and test started]]>
            </line>
          </reporter-output>
        </test-method> <!-- setUpSuite -->
        <test-method status="PASS" signature="setup()[pri:0, instance:com.learautomation.testcases.LoginTestCRM@91161c7]" name="setup" is-config="true" duration-ms="13242" started-at="2020-04-19T13:20:20Z" finished-at="2020-04-19T13:20:34Z">
          <reporter-output>
            <line>
              <![CDATA[ Trying to start Browser and applicationis getting ready]]>
            </line>
            <line>
              <![CDATA[Browser and app is launch]]>
            </line>
          </reporter-output>
        </test-method> <!-- setup -->
        <test-method status="PASS" signature="loginApp()[pri:0, instance:com.learautomation.testcases.LoginTestCRM@91161c7]" name="loginApp" duration-ms="6062" started-at="2020-04-19T13:20:34Z" finished-at="2020-04-19T13:20:40Z">
          <reporter-output>
          </reporter-output>
        </test-method> <!-- loginApp -->
        <test-method status="PASS" signature="tearDownMethod(org.testng.ITestResult)[pri:0, instance:com.learautomation.testcases.LoginTestCRM@91161c7]" name="tearDownMethod" is-config="true" duration-ms="1250" started-at="2020-04-19T13:20:40Z" finished-at="2020-04-19T13:20:41Z">
          <params>
            <param index="0">
              <value>
                <![CDATA[[TestResult name=loginApp status=SUCCESS method=LoginTestCRM.loginApp()[pri:0, instance:com.learautomation.testcases.LoginTestCRM@91161c7] output={null}]]]>
              </value>
            </param>
          </params>
          <reporter-output>
            <line>
              <![CDATA[Test is about to end]]>
            </line>
            <line>
              <![CDATA[Test completed]]>
            </line>
          </reporter-output>
        </test-method> <!-- tearDownMethod -->
        <test-method status="PASS" signature="tearDown()[pri:0, instance:com.learautomation.testcases.LoginTestCRM@91161c7]" name="tearDown" is-config="true" duration-ms="714" started-at="2020-04-19T13:20:41Z" finished-at="2020-04-19T13:20:42Z">
          <reporter-output>
          </reporter-output>
        </test-method> <!-- tearDown -->
      </class> <!-- com.learautomation.testcases.LoginTestCRM -->
    </test> <!-- Test -->
  </suite> <!-- Suite -->
</testng-results>
